<!DOCTYPE html PUBLIC "-//W3C//DTD XHTML 1.1//EN" "https://www.w3.org/TR/xhtml11/DTD/xhtml11.dtd">
<html xmlns="https://www.w3.org/1999/xhtml">
<head>
<meta http-equiv="content-type" content="text/html; charset=UTF-8"/>
<title>TestNG Report</title>
<style type="text/css">table {margin-bottom:10px;border-collapse:collapse;empty-cells:show}th,td {border:1px solid #009;padding:.25em .5em}th {vertical-align:bottom}td {vertical-align:top}table a {font-weight:bold}.stripe td {background-color: #E6EBF9}.num {text-align:right}.passedodd td {background-color: #3F3}.passedeven td {background-color: #0A0}.skippedodd td {background-color: #DDD}.skippedeven td {background-color: #CCC}.failedodd td,.attn {background-color: #F33}.failedeven td,.stripe .attn {background-color: #D00}.stacktrace {white-space:pre;font-family:monospace}.totop {font-size:85%;text-align:center;border-bottom:2px solid #000}.invisible {display:none}</style>
</head>
<body>
<table>
<tr><th>Test</th><th># Passed</th><th># Skipped</th><th># Retried</th><th># Failed</th><th>Time (ms)</th><th>Included Groups</th><th>Excluded Groups</th></tr>
<tr><th colspan="8">nopCommerce Suite</th></tr>
<tr><td><a href="#t0">NopCommerce Tests</a></td><td class="num">24</td><td class="num">0</td><td class="num">0</td><td class="num attn">6</td><td class="num">220,604</td><td></td><td></td></tr>
</table>
<table id='summary'><thead><tr><th>Class</th><th>Method</th><th>Start</th><th>Time (ms)</th></tr></thead><tbody><tr><th colspan="4">nopCommerce Suite</th></tr></tbody><tbody id="t0"><tr><th colspan="4">NopCommerce Tests &#8212; failed</th></tr><tr class="failedeven"><td rowspan="1">com.nopcommerce.tests.ConfirmOrderTest</td><td><a href="#m0">testConfirmOrderAndContinue</a></td><td rowspan="1">1757309567496</td><td rowspan="1">25561</td></tr><tr class="failedodd"><td rowspan="1">com.nopcommerce.tests.LoginTest</td><td><a href="#m1">loginWithValidData</a></td><td rowspan="1">1757309471302</td><td rowspan="1">16721</td></tr><tr class="failedeven"><td rowspan="1">com.nopcommerce.tests.PaymentInformationTest</td><td><a href="#m2">testFillCreditCardPaymentInfo</a></td><td rowspan="1">1757309542183</td><td rowspan="1">25189</td></tr><tr class="failedodd"><td rowspan="1">com.nopcommerce.tests.PaymentMethodTest</td><td><a href="#m3">testSelectCreditCardAndContinue</a></td><td rowspan="1">1757309525428</td><td rowspan="1">16614</td></tr><tr class="failedeven"><td rowspan="1">com.nopcommerce.tests.ShippingMethodTest</td><td><a href="#m4">testSelectShippingMethod</a></td><td rowspan="1">1757309524212</td><td rowspan="1">1037</td></tr><tr class="failedodd"><td rowspan="1">com.nopcommerce.tests.VendorApplyTest</td><td><a href="#m5">testVendorApplyPage</a></td><td rowspan="1">1757309654241</td><td rowspan="1">17895</td></tr><tr><th colspan="4">NopCommerce Tests &#8212; passed</th></tr><tr class="passedeven"><td rowspan="1">com.nopcommerce.tests.AboutUsTest</td><td><a href="#m6">testClickAboutUs</a></td><td rowspan="1">1757309644025</td><td rowspan="1">2002</td></tr><tr class="passedodd"><td rowspan="1">com.nopcommerce.tests.BillingAddressTest</td><td><a href="#m7">testFillBillingAddressIfNeeded</a></td><td rowspan="1">1757309523972</td><td rowspan="1">229</td></tr><tr class="passedeven"><td rowspan="1">com.nopcommerce.tests.BlogTest</td><td><a href="#m8">testBlogPage</a></td><td rowspan="1">1757309649256</td><td rowspan="1">2450</td></tr><tr class="passedodd"><td rowspan="1">com.nopcommerce.tests.CheckoutTest</td><td><a href="#m9">testProceedToCheckout</a></td><td rowspan="1">1757309522174</td><td rowspan="1">1792</td></tr><tr class="passedeven"><td rowspan="1">com.nopcommerce.tests.CommentsTest</td><td><a href="#m10">testAddCommentAndScroll</a></td><td rowspan="1">1757309637107</td><td rowspan="1">6861</td></tr><tr class="passedodd"><td rowspan="1">com.nopcommerce.tests.ContactUsTest</td><td><a href="#m11">testContactUsForm</a></td><td rowspan="1">1757309646040</td><td rowspan="1">3204</td></tr><tr class="passedeven"><td rowspan="1">com.nopcommerce.tests.CurrencyTest</td><td><a href="#m12">testSelectCurrency</a></td><td rowspan="1">1757309625137</td><td rowspan="1">5800</td></tr><tr class="passedodd"><td rowspan="1">com.nopcommerce.tests.LogoutTest</td><td><a href="#m13">testLogout</a></td><td rowspan="1">1757309678713</td><td rowspan="1">6620</td></tr><tr class="passedeven"><td rowspan="1">com.nopcommerce.tests.MyAccountTest</td><td><a href="#m14">testMyAccountSaveAndGoHome</a></td><td rowspan="1">1757309593265</td><td rowspan="1">8707</td></tr><tr class="passedodd"><td rowspan="1">com.nopcommerce.tests.NewProductsTest</td><td><a href="#m15">testNewProductsPage</a></td><td rowspan="1">1757309651712</td><td rowspan="1">2524</td></tr><tr class="passedeven"><td rowspan="1">com.nopcommerce.tests.NewsTest</td><td><a href="#m16">testNewsComment</a></td><td rowspan="1">1757309630940</td><td rowspan="1">6156</td></tr><tr class="passedodd"><td rowspan="1">com.nopcommerce.tests.NewsletterTest</td><td><a href="#m17">testSubscribeNewsletter</a></td><td rowspan="1">1757309622360</td><td rowspan="1">2772</td></tr><tr class="passedeven"><td rowspan="1">com.nopcommerce.tests.PollTest</td><td><a href="#m18">testVotePoll</a></td><td rowspan="1">1757309601978</td><td rowspan="1">3741</td></tr><tr class="passedodd"><td rowspan="2">com.nopcommerce.tests.ProductTest</td><td><a href="#m19">testAddProductToCart</a></td><td rowspan="1">1757309510362</td><td rowspan="1">3535</td></tr><tr class="passedodd"><td><a href="#m20">testAddProductToWishlist</a></td><td rowspan="1">1757309513902</td><td rowspan="1">2241</td></tr><tr class="passedeven"><td rowspan="1">com.nopcommerce.tests.RecentlyViewedProductsTest</td><td><a href="#m21">testRecentlyViewedProductsPage</a></td><td rowspan="1">1757309676175</td><td rowspan="1">2533</td></tr><tr class="passedodd"><td rowspan="1">com.nopcommerce.tests.RegisterTest</td><td><a href="#m22">registerWithValidData</a></td><td rowspan="1">1757309464902</td><td rowspan="1">6363</td></tr><tr class="passedeven"><td rowspan="2">com.nopcommerce.tests.SearchTest</td><td><a href="#m23">testInvalidSearch_NoProductFound</a></td><td rowspan="1">1757309504129</td><td rowspan="1">888</td></tr><tr class="passedeven"><td><a href="#m24">testValidSearchAndClickProduct</a></td><td rowspan="1">1757309505032</td><td rowspan="1">2479</td></tr><tr class="passedodd"><td rowspan="1">com.nopcommerce.tests.ShoppingCartTest</td><td><a href="#m25">testOpenShoppingCartAndTickTerms</a></td><td rowspan="1">1757309516148</td><td rowspan="1">6018</td></tr><tr class="passedeven"><td rowspan="1">com.nopcommerce.tests.SocialMediaTest</td><td><a href="#m26">testSocialMediaLinks</a></td><td rowspan="1">1757309605728</td><td rowspan="1">16627</td></tr><tr class="passedodd"><td rowspan="1">com.nopcommerce.tests.TopMenuTest</td><td><a href="#m27">topMenuNavigationTest</a></td><td rowspan="1">1757309488172</td><td rowspan="1">15933</td></tr><tr class="passedeven"><td rowspan="1">com.nopcommerce.tests.VendorApplyDetailsTest</td><td><a href="#m28">testVendorApplyForm</a></td><td rowspan="1">1757309672332</td><td rowspan="1">3829</td></tr><tr class="passedodd"><td rowspan="1">com.nopcommerce.tests.WishlistTest</td><td><a href="#m29">testOpenWishlistPage</a></td><td rowspan="1">1757309507517</td><td rowspan="1">2835</td></tr></tbody>
</table>
<h2>NopCommerce Tests</h2><h3 id="m0">com.nopcommerce.tests.ConfirmOrderTest#testConfirmOrderAndContinue</h3><table class="result"><tr><th>Exception</th></tr><tr><td><div class="stacktrace">org.openqa.selenium.TimeoutException: Expected condition failed: waiting for element to be clickable: By.cssSelector: button.confirm-order-next-step-button (tried for 25 second(s) with 500 milliseconds interval)
Build info: version: &apos;4.21.0&apos;, revision: &apos;79ed462ef4&apos;
System info: os.name: &apos;Windows 11&apos;, os.arch: &apos;amd64&apos;, os.version: &apos;10.0&apos;, java.version: &apos;21.0.7&apos;
Driver info: org.openqa.selenium.chrome.ChromeDriver
Capabilities {acceptInsecureCerts: false, browserName: chrome, browserVersion: 139.0.7258.155, chrome: {chromedriverVersion: 139.0.7258.154 (9e0d6b2b47f..., userDataDir: C:\Users\lenovo\AppData\Loc...}, fedcm:accounts: true, goog:chromeOptions: {debuggerAddress: localhost:61197}, networkConnectionEnabled: false, pageLoadStrategy: normal, platformName: windows, proxy: Proxy(), se:cdp: ws://localhost:61197/devtoo..., se:cdpVersion: 139.0.7258.155, setWindowRect: true, strictFileInteractability: false, timeouts: {implicit: 0, pageLoad: 300000, script: 30000}, unhandledPromptBehavior: dismiss and notify, webauthn:extension:credBlob: true, webauthn:extension:largeBlob: true, webauthn:extension:minPinLength: true, webauthn:extension:prf: true, webauthn:virtualAuthenticators: true}
Session ID: 374434ad6cf8a4ca584dd456d09efa9b
	at org.openqa.selenium.support.ui.WebDriverWait.timeoutException(WebDriverWait.java:84)
	at org.openqa.selenium.support.ui.FluentWait.until(FluentWait.java:228)
	at com.nopcommerce.pages.ConfirmOrderPage.clickConfirm(ConfirmOrderPage.java:24)
	at com.nopcommerce.tests.ConfirmOrderTest.testConfirmOrderAndContinue(ConfirmOrderTest.java:14)
	at java.base/java.util.ArrayList.forEach(ArrayList.java:1596)
... Removed 25 stack frames</div></td></tr></table><p class="totop"><a href="#summary">back to summary</a></p>
<h3 id="m1">com.nopcommerce.tests.LoginTest#loginWithValidData</h3><table class="result"><tr><th>Exception</th></tr><tr><td><div class="stacktrace">org.openqa.selenium.TimeoutException: Expected condition failed: waiting for element to be clickable: By.className: ico-login (tried for 10 second(s) with 500 milliseconds interval)
Build info: version: &apos;4.21.0&apos;, revision: &apos;79ed462ef4&apos;
System info: os.name: &apos;Windows 11&apos;, os.arch: &apos;amd64&apos;, os.version: &apos;10.0&apos;, java.version: &apos;21.0.7&apos;
Driver info: org.openqa.selenium.chrome.ChromeDriver
Capabilities {acceptInsecureCerts: false, browserName: chrome, browserVersion: 139.0.7258.155, chrome: {chromedriverVersion: 139.0.7258.154 (9e0d6b2b47f..., userDataDir: C:\Users\lenovo\AppData\Loc...}, fedcm:accounts: true, goog:chromeOptions: {debuggerAddress: localhost:61197}, networkConnectionEnabled: false, pageLoadStrategy: normal, platformName: windows, proxy: Proxy(), se:cdp: ws://localhost:61197/devtoo..., se:cdpVersion: 139.0.7258.155, setWindowRect: true, strictFileInteractability: false, timeouts: {implicit: 0, pageLoad: 300000, script: 30000}, unhandledPromptBehavior: dismiss and notify, webauthn:extension:credBlob: true, webauthn:extension:largeBlob: true, webauthn:extension:minPinLength: true, webauthn:extension:prf: true, webauthn:virtualAuthenticators: true}
Session ID: 374434ad6cf8a4ca584dd456d09efa9b
	at org.openqa.selenium.support.ui.WebDriverWait.timeoutException(WebDriverWait.java:84)
	at org.openqa.selenium.support.ui.FluentWait.until(FluentWait.java:228)
	at com.nopcommerce.pages.LoginPage.openLoginPage(LoginPage.java:27)
	at com.nopcommerce.tests.LoginTest.loginWithValidData(LoginTest.java:15)
	at java.base/java.util.ArrayList.forEach(ArrayList.java:1596)
... Removed 25 stack frames</div></td></tr></table><p class="totop"><a href="#summary">back to summary</a></p>
<h3 id="m2">com.nopcommerce.tests.PaymentInformationTest#testFillCreditCardPaymentInfo</h3><table class="result"><tr><th>Exception</th></tr><tr><td><div class="stacktrace">org.openqa.selenium.TimeoutException: Expected condition failed: waiting for visibility of element located by By.id: CreditCardType (tried for 25 second(s) with 500 milliseconds interval)
Build info: version: &apos;4.21.0&apos;, revision: &apos;79ed462ef4&apos;
System info: os.name: &apos;Windows 11&apos;, os.arch: &apos;amd64&apos;, os.version: &apos;10.0&apos;, java.version: &apos;21.0.7&apos;
Driver info: org.openqa.selenium.chrome.ChromeDriver
Capabilities {acceptInsecureCerts: false, browserName: chrome, browserVersion: 139.0.7258.155, chrome: {chromedriverVersion: 139.0.7258.154 (9e0d6b2b47f..., userDataDir: C:\Users\lenovo\AppData\Loc...}, fedcm:accounts: true, goog:chromeOptions: {debuggerAddress: localhost:61197}, networkConnectionEnabled: false, pageLoadStrategy: normal, platformName: windows, proxy: Proxy(), se:cdp: ws://localhost:61197/devtoo..., se:cdpVersion: 139.0.7258.155, setWindowRect: true, strictFileInteractability: false, timeouts: {implicit: 0, pageLoad: 300000, script: 30000}, unhandledPromptBehavior: dismiss and notify, webauthn:extension:credBlob: true, webauthn:extension:largeBlob: true, webauthn:extension:minPinLength: true, webauthn:extension:prf: true, webauthn:virtualAuthenticators: true}
Session ID: 374434ad6cf8a4ca584dd456d09efa9b
	at org.openqa.selenium.support.ui.WebDriverWait.timeoutException(WebDriverWait.java:84)
	at org.openqa.selenium.support.ui.FluentWait.until(FluentWait.java:228)
	at com.nopcommerce.pages.PaymentInformationPage.waitForPaymentFields(PaymentInformationPage.java:29)
	at com.nopcommerce.tests.PaymentInformationTest.testFillCreditCardPaymentInfo(PaymentInformationTest.java:14)
	at java.base/java.util.ArrayList.forEach(ArrayList.java:1596)
... Removed 25 stack frames</div></td></tr></table><p class="totop"><a href="#summary">back to summary</a></p>
<h3 id="m3">com.nopcommerce.tests.PaymentMethodTest#testSelectCreditCardAndContinue</h3><table class="result"><tr><th>Exception</th></tr><tr><td><div class="stacktrace">org.openqa.selenium.TimeoutException: Expected condition failed: waiting for element to be clickable: By.id: paymentmethod_1 (tried for 15 second(s) with 500 milliseconds interval)
Build info: version: &apos;4.21.0&apos;, revision: &apos;79ed462ef4&apos;
System info: os.name: &apos;Windows 11&apos;, os.arch: &apos;amd64&apos;, os.version: &apos;10.0&apos;, java.version: &apos;21.0.7&apos;
Driver info: org.openqa.selenium.chrome.ChromeDriver
Capabilities {acceptInsecureCerts: false, browserName: chrome, browserVersion: 139.0.7258.155, chrome: {chromedriverVersion: 139.0.7258.154 (9e0d6b2b47f..., userDataDir: C:\Users\lenovo\AppData\Loc...}, fedcm:accounts: true, goog:chromeOptions: {debuggerAddress: localhost:61197}, networkConnectionEnabled: false, pageLoadStrategy: normal, platformName: windows, proxy: Proxy(), se:cdp: ws://localhost:61197/devtoo..., se:cdpVersion: 139.0.7258.155, setWindowRect: true, strictFileInteractability: false, timeouts: {implicit: 0, pageLoad: 300000, script: 30000}, unhandledPromptBehavior: dismiss and notify, webauthn:extension:credBlob: true, webauthn:extension:largeBlob: true, webauthn:extension:minPinLength: true, webauthn:extension:prf: true, webauthn:virtualAuthenticators: true}
Session ID: 374434ad6cf8a4ca584dd456d09efa9b
	at org.openqa.selenium.support.ui.WebDriverWait.timeoutException(WebDriverWait.java:84)
	at org.openqa.selenium.support.ui.FluentWait.until(FluentWait.java:228)
	at com.nopcommerce.pages.PaymentMethodPage.selectPaymentMethod(PaymentMethodPage.java:28)
	at com.nopcommerce.tests.PaymentMethodTest.testSelectCreditCardAndContinue(PaymentMethodTest.java:14)
	at java.base/java.util.ArrayList.forEach(ArrayList.java:1596)
... Removed 25 stack frames</div></td></tr></table><p class="totop"><a href="#summary">back to summary</a></p>
<h3 id="m4">com.nopcommerce.tests.ShippingMethodTest#testSelectShippingMethod</h3><table class="result"><tr><th>Exception</th></tr><tr><td><div class="stacktrace">org.openqa.selenium.UnhandledAlertException: unexpected alert open: {Alert text : City is required, Street address is required, Phone is required, Zip / postal code is required, State / province is required.}
  (Session info: chrome=139.0.7258.155): City is required, Street address is required, Phone is required, Zip / postal code is required, State / province is required.
Build info: version: &apos;4.21.0&apos;, revision: &apos;79ed462ef4&apos;
System info: os.name: &apos;Windows 11&apos;, os.arch: &apos;amd64&apos;, os.version: &apos;10.0&apos;, java.version: &apos;21.0.7&apos;
Driver info: org.openqa.selenium.chrome.ChromeDriver
Command: [374434ad6cf8a4ca584dd456d09efa9b, findElements {value=shippingoption, using=name}]
Capabilities {acceptInsecureCerts: false, browserName: chrome, browserVersion: 139.0.7258.155, chrome: {chromedriverVersion: 139.0.7258.154 (9e0d6b2b47f..., userDataDir: C:\Users\lenovo\AppData\Loc...}, fedcm:accounts: true, goog:chromeOptions: {debuggerAddress: localhost:61197}, networkConnectionEnabled: false, pageLoadStrategy: normal, platformName: windows, proxy: Proxy(), se:cdp: ws://localhost:61197/devtoo..., se:cdpVersion: 139.0.7258.155, setWindowRect: true, strictFileInteractability: false, timeouts: {implicit: 0, pageLoad: 300000, script: 30000}, unhandledPromptBehavior: dismiss and notify, webauthn:extension:credBlob: true, webauthn:extension:largeBlob: true, webauthn:extension:minPinLength: true, webauthn:extension:prf: true, webauthn:virtualAuthenticators: true}
Session ID: 374434ad6cf8a4ca584dd456d09efa9b
	at org.openqa.selenium.remote.codec.w3c.W3CHttpResponseCodec.decode(W3CHttpResponseCodec.java:136)
	at org.openqa.selenium.remote.codec.w3c.W3CHttpResponseCodec.decode(W3CHttpResponseCodec.java:50)
	at org.openqa.selenium.remote.HttpCommandExecutor.execute(HttpCommandExecutor.java:190)
	at org.openqa.selenium.remote.service.DriverCommandExecutor.invokeExecute(DriverCommandExecutor.java:216)
	at org.openqa.selenium.remote.service.DriverCommandExecutor.execute(DriverCommandExecutor.java:174)
	at org.openqa.selenium.remote.RemoteWebDriver.execute(RemoteWebDriver.java:518)
	at org.openqa.selenium.remote.ElementLocation$ElementFinder$2.findElements(ElementLocation.java:182)
	at org.openqa.selenium.remote.ElementLocation.findElements(ElementLocation.java:103)
	at org.openqa.selenium.remote.RemoteWebDriver.findElements(RemoteWebDriver.java:368)
	at org.openqa.selenium.remote.RemoteWebDriver.findElements(RemoteWebDriver.java:362)
	at org.openqa.selenium.support.ui.ExpectedConditions$8.apply(ExpectedConditions.java:221)
	at org.openqa.selenium.support.ui.ExpectedConditions$8.apply(ExpectedConditions.java:218)
	at org.openqa.selenium.support.ui.FluentWait.until(FluentWait.java:203)
	at com.nopcommerce.pages.ShippingMethodPage.selectShippingOption(ShippingMethodPage.java:24)
	at com.nopcommerce.tests.ShippingMethodTest.testSelectShippingMethod(ShippingMethodTest.java:14)
	at java.base/java.util.ArrayList.forEach(ArrayList.java:1596)
... Removed 25 stack frames</div></td></tr></table><p class="totop"><a href="#summary">back to summary</a></p>
<h3 id="m5">com.nopcommerce.tests.VendorApplyTest#testVendorApplyPage</h3><table class="result"><tr><th>Exception</th></tr><tr><td><div class="stacktrace">org.openqa.selenium.TimeoutException: Expected condition failed: waiting for visibility of element located by By.cssSelector: form#apply-vendor-form (tried for 15 second(s) with 500 milliseconds interval)
Build info: version: &apos;4.21.0&apos;, revision: &apos;79ed462ef4&apos;
System info: os.name: &apos;Windows 11&apos;, os.arch: &apos;amd64&apos;, os.version: &apos;10.0&apos;, java.version: &apos;21.0.7&apos;
Driver info: org.openqa.selenium.chrome.ChromeDriver
Capabilities {acceptInsecureCerts: false, browserName: chrome, browserVersion: 139.0.7258.155, chrome: {chromedriverVersion: 139.0.7258.154 (9e0d6b2b47f..., userDataDir: C:\Users\lenovo\AppData\Loc...}, fedcm:accounts: true, goog:chromeOptions: {debuggerAddress: localhost:61197}, networkConnectionEnabled: false, pageLoadStrategy: normal, platformName: windows, proxy: Proxy(), se:cdp: ws://localhost:61197/devtoo..., se:cdpVersion: 139.0.7258.155, setWindowRect: true, strictFileInteractability: false, timeouts: {implicit: 0, pageLoad: 300000, script: 30000}, unhandledPromptBehavior: dismiss and notify, webauthn:extension:credBlob: true, webauthn:extension:largeBlob: true, webauthn:extension:minPinLength: true, webauthn:extension:prf: true, webauthn:virtualAuthenticators: true}
Session ID: 374434ad6cf8a4ca584dd456d09efa9b
	at org.openqa.selenium.support.ui.WebDriverWait.timeoutException(WebDriverWait.java:84)
	at org.openqa.selenium.support.ui.FluentWait.until(FluentWait.java:228)
	at com.nopcommerce.pages.VendorApplyPage.waitForVendorApplyPage(VendorApplyPage.java:33)
	at com.nopcommerce.tests.VendorApplyTest.testVendorApplyPage(VendorApplyTest.java:17)
	at java.base/java.util.ArrayList.forEach(ArrayList.java:1596)
... Removed 25 stack frames</div></td></tr></table><p class="totop"><a href="#summary">back to summary</a></p>
<h3 id="m6">com.nopcommerce.tests.AboutUsTest#testClickAboutUs</h3><table class="result"><tr><th class="invisible"/></tr></table><p class="totop"><a href="#summary">back to summary</a></p>
<h3 id="m7">com.nopcommerce.tests.BillingAddressTest#testFillBillingAddressIfNeeded</h3><table class="result"><tr><th class="invisible"/></tr></table><p class="totop"><a href="#summary">back to summary</a></p>
<h3 id="m8">com.nopcommerce.tests.BlogTest#testBlogPage</h3><table class="result"><tr><th class="invisible"/></tr></table><p class="totop"><a href="#summary">back to summary</a></p>
<h3 id="m9">com.nopcommerce.tests.CheckoutTest#testProceedToCheckout</h3><table class="result"><tr><th class="invisible"/></tr></table><p class="totop"><a href="#summary">back to summary</a></p>
<h3 id="m10">com.nopcommerce.tests.CommentsTest#testAddCommentAndScroll</h3><table class="result"><tr><th class="invisible"/></tr></table><p class="totop"><a href="#summary">back to summary</a></p>
<h3 id="m11">com.nopcommerce.tests.ContactUsTest#testContactUsForm</h3><table class="result"><tr><th class="invisible"/></tr></table><p class="totop"><a href="#summary">back to summary</a></p>
<h3 id="m12">com.nopcommerce.tests.CurrencyTest#testSelectCurrency</h3><table class="result"><tr><th class="invisible"/></tr></table><p class="totop"><a href="#summary">back to summary</a></p>
<h3 id="m13">com.nopcommerce.tests.LogoutTest#testLogout</h3><table class="result"><tr><th class="invisible"/></tr></table><p class="totop"><a href="#summary">back to summary</a></p>
<h3 id="m14">com.nopcommerce.tests.MyAccountTest#testMyAccountSaveAndGoHome</h3><table class="result"><tr><th class="invisible"/></tr></table><p class="totop"><a href="#summary">back to summary</a></p>
<h3 id="m15">com.nopcommerce.tests.NewProductsTest#testNewProductsPage</h3><table class="result"><tr><th class="invisible"/></tr></table><p class="totop"><a href="#summary">back to summary</a></p>
<h3 id="m16">com.nopcommerce.tests.NewsTest#testNewsComment</h3><table class="result"><tr><th class="invisible"/></tr></table><p class="totop"><a href="#summary">back to summary</a></p>
<h3 id="m17">com.nopcommerce.tests.NewsletterTest#testSubscribeNewsletter</h3><table class="result"><tr><th class="invisible"/></tr></table><p class="totop"><a href="#summary">back to summary</a></p>
<h3 id="m18">com.nopcommerce.tests.PollTest#testVotePoll</h3><table class="result"><tr><th class="invisible"/></tr></table><p class="totop"><a href="#summary">back to summary</a></p>
<h3 id="m19">com.nopcommerce.tests.ProductTest#testAddProductToCart</h3><table class="result"><tr><th class="invisible"/></tr></table><p class="totop"><a href="#summary">back to summary</a></p>
<h3 id="m20">com.nopcommerce.tests.ProductTest#testAddProductToWishlist</h3><table class="result"><tr><th class="invisible"/></tr></table><p class="totop"><a href="#summary">back to summary</a></p>
<h3 id="m21">com.nopcommerce.tests.RecentlyViewedProductsTest#testRecentlyViewedProductsPage</h3><table class="result"><tr><th class="invisible"/></tr></table><p class="totop"><a href="#summary">back to summary</a></p>
<h3 id="m22">com.nopcommerce.tests.RegisterTest#registerWithValidData</h3><table class="result"><tr><th class="invisible"/></tr></table><p class="totop"><a href="#summary">back to summary</a></p>
<h3 id="m23">com.nopcommerce.tests.SearchTest#testInvalidSearch_NoProductFound</h3><table class="result"><tr><th class="invisible"/></tr></table><p class="totop"><a href="#summary">back to summary</a></p>
<h3 id="m24">com.nopcommerce.tests.SearchTest#testValidSearchAndClickProduct</h3><table class="result"><tr><th class="invisible"/></tr></table><p class="totop"><a href="#summary">back to summary</a></p>
<h3 id="m25">com.nopcommerce.tests.ShoppingCartTest#testOpenShoppingCartAndTickTerms</h3><table class="result"><tr><th class="invisible"/></tr></table><p class="totop"><a href="#summary">back to summary</a></p>
<h3 id="m26">com.nopcommerce.tests.SocialMediaTest#testSocialMediaLinks</h3><table class="result"><tr><th class="invisible"/></tr></table><p class="totop"><a href="#summary">back to summary</a></p>
<h3 id="m27">com.nopcommerce.tests.TopMenuTest#topMenuNavigationTest</h3><table class="result"><tr><th class="invisible"/></tr></table><p class="totop"><a href="#summary">back to summary</a></p>
<h3 id="m28">com.nopcommerce.tests.VendorApplyDetailsTest#testVendorApplyForm</h3><table class="result"><tr><th class="invisible"/></tr></table><p class="totop"><a href="#summary">back to summary</a></p>
<h3 id="m29">com.nopcommerce.tests.WishlistTest#testOpenWishlistPage</h3><table class="result"><tr><th class="invisible"/></tr></table><p class="totop"><a href="#summary">back to summary</a></p>
</body>
</html>
