<?xml version="1.0" encoding="UTF-8"?>
<testng-results ignored="0" total="30" passed="24" failed="6" skipped="0">
  <reporter-output>
  </reporter-output>
  <suite started-at="2025-09-08T11:01:04 IST" name="nopCommerce Suite" finished-at="2025-09-08T11:04:45 IST" duration-ms="220604">
    <groups>
    </groups>
    <test started-at="2025-09-08T11:01:04 IST" name="NopCommerce Tests" finished-at="2025-09-08T11:04:45 IST" duration-ms="220604">
      <class name="com.nopcommerce.tests.ContactUsTest">
        <test-method signature="testContactUsForm()[pri:20, instance:com.nopcommerce.tests.ContactUsTest@77f1baf5]" started-at="2025-09-08T11:04:06 IST" name="testContactUsForm" finished-at="2025-09-08T11:04:09 IST" duration-ms="3204" status="PASS">
          <reporter-output>
          </reporter-output>
        </test-method> <!-- testContactUsForm -->
      </class> <!-- com.nopcommerce.tests.ContactUsTest -->
      <class name="com.nopcommerce.tests.PollTest">
        <test-method signature="testVotePoll()[pri:13, instance:com.nopcommerce.tests.PollTest@544fa968]" started-at="2025-09-08T11:03:21 IST" name="testVotePoll" finished-at="2025-09-08T11:03:25 IST" duration-ms="3741" status="PASS">
          <reporter-output>
          </reporter-output>
        </test-method> <!-- testVotePoll -->
      </class> <!-- com.nopcommerce.tests.PollTest -->
      <class name="com.nopcommerce.tests.RecentlyViewedProductsTest">
        <test-method signature="testRecentlyViewedProductsPage()[pri:25, instance:com.nopcommerce.tests.RecentlyViewedProductsTest@55b0dcab]" started-at="2025-09-08T11:04:36 IST" name="testRecentlyViewedProductsPage" finished-at="2025-09-08T11:04:38 IST" duration-ms="2533" status="PASS">
          <reporter-output>
          </reporter-output>
        </test-method> <!-- testRecentlyViewedProductsPage -->
      </class> <!-- com.nopcommerce.tests.RecentlyViewedProductsTest -->
      <class name="com.nopcommerce.tests.TopMenuTest">
        <test-method signature="topMenuNavigationTest()[pri:0, instance:com.nopcommerce.tests.TopMenuTest@1ff4931d]" started-at="2025-09-08T11:01:28 IST" name="topMenuNavigationTest" finished-at="2025-09-08T11:01:44 IST" duration-ms="15933" status="PASS">
          <reporter-output>
          </reporter-output>
        </test-method> <!-- topMenuNavigationTest -->
      </class> <!-- com.nopcommerce.tests.TopMenuTest -->
      <class name="com.nopcommerce.tests.CommentsTest">
        <test-method signature="testAddCommentAndScroll()[pri:18, instance:com.nopcommerce.tests.CommentsTest@24313fcc]" started-at="2025-09-08T11:03:57 IST" name="testAddCommentAndScroll" finished-at="2025-09-08T11:04:03 IST" duration-ms="6861" status="PASS">
          <reporter-output>
          </reporter-output>
        </test-method> <!-- testAddCommentAndScroll -->
      </class> <!-- com.nopcommerce.tests.CommentsTest -->
      <class name="com.nopcommerce.tests.AboutUsTest">
        <test-method signature="testClickAboutUs()[pri:19, instance:com.nopcommerce.tests.AboutUsTest@7d20d0b]" started-at="2025-09-08T11:04:04 IST" name="testClickAboutUs" finished-at="2025-09-08T11:04:06 IST" duration-ms="2002" status="PASS">
          <reporter-output>
          </reporter-output>
        </test-method> <!-- testClickAboutUs -->
      </class> <!-- com.nopcommerce.tests.AboutUsTest -->
      <class name="com.nopcommerce.tests.PaymentMethodTest">
        <test-method signature="testSelectCreditCardAndContinue()[pri:8, instance:com.nopcommerce.tests.PaymentMethodTest@b2c9a9c]" started-at="2025-09-08T11:02:05 IST" name="testSelectCreditCardAndContinue" finished-at="2025-09-08T11:02:22 IST" duration-ms="16614" status="FAIL">
          <exception class="org.openqa.selenium.TimeoutException">
            <message>
              <![CDATA[Expected condition failed: waiting for element to be clickable: By.id: paymentmethod_1 (tried for 15 second(s) with 500 milliseconds interval)
Build info: version: '4.21.0', revision: '79ed462ef4'
System info: os.name: 'Windows 11', os.arch: 'amd64', os.version: '10.0', java.version: '21.0.7'
Driver info: org.openqa.selenium.chrome.ChromeDriver
Capabilities {acceptInsecureCerts: false, browserName: chrome, browserVersion: 139.0.7258.155, chrome: {chromedriverVersion: 139.0.7258.154 (9e0d6b2b47f..., userDataDir: C:\Users\lenovo\AppData\Loc...}, fedcm:accounts: true, goog:chromeOptions: {debuggerAddress: localhost:61197}, networkConnectionEnabled: false, pageLoadStrategy: normal, platformName: windows, proxy: Proxy(), se:cdp: ws://localhost:61197/devtoo..., se:cdpVersion: 139.0.7258.155, setWindowRect: true, strictFileInteractability: false, timeouts: {implicit: 0, pageLoad: 300000, script: 30000}, unhandledPromptBehavior: dismiss and notify, webauthn:extension:credBlob: true, webauthn:extension:largeBlob: true, webauthn:extension:minPinLength: true, webauthn:extension:prf: true, webauthn:virtualAuthenticators: true}
Session ID: 374434ad6cf8a4ca584dd456d09efa9b]]>
            </message>
            <full-stacktrace>
              <![CDATA[org.openqa.selenium.TimeoutException: Expected condition failed: waiting for element to be clickable: By.id: paymentmethod_1 (tried for 15 second(s) with 500 milliseconds interval)
Build info: version: '4.21.0', revision: '79ed462ef4'
System info: os.name: 'Windows 11', os.arch: 'amd64', os.version: '10.0', java.version: '21.0.7'
Driver info: org.openqa.selenium.chrome.ChromeDriver
Capabilities {acceptInsecureCerts: false, browserName: chrome, browserVersion: 139.0.7258.155, chrome: {chromedriverVersion: 139.0.7258.154 (9e0d6b2b47f..., userDataDir: C:\Users\lenovo\AppData\Loc...}, fedcm:accounts: true, goog:chromeOptions: {debuggerAddress: localhost:61197}, networkConnectionEnabled: false, pageLoadStrategy: normal, platformName: windows, proxy: Proxy(), se:cdp: ws://localhost:61197/devtoo..., se:cdpVersion: 139.0.7258.155, setWindowRect: true, strictFileInteractability: false, timeouts: {implicit: 0, pageLoad: 300000, script: 30000}, unhandledPromptBehavior: dismiss and notify, webauthn:extension:credBlob: true, webauthn:extension:largeBlob: true, webauthn:extension:minPinLength: true, webauthn:extension:prf: true, webauthn:virtualAuthenticators: true}
Session ID: 374434ad6cf8a4ca584dd456d09efa9b
at org.openqa.selenium.support.ui.WebDriverWait.timeoutException(WebDriverWait.java:84)
at org.openqa.selenium.support.ui.FluentWait.until(FluentWait.java:228)
at com.nopcommerce.pages.PaymentMethodPage.selectPaymentMethod(PaymentMethodPage.java:28)
at com.nopcommerce.tests.PaymentMethodTest.testSelectCreditCardAndContinue(PaymentMethodTest.java:14)
at java.base/jdk.internal.reflect.DirectMethodHandleAccessor.invoke(DirectMethodHandleAccessor.java:103)
at java.base/java.lang.reflect.Method.invoke(Method.java:580)
at org.testng.internal.invokers.MethodInvocationHelper.invokeMethod(MethodInvocationHelper.java:141)
at org.testng.internal.invokers.TestInvoker.invokeMethod(TestInvoker.java:686)
at org.testng.internal.invokers.TestInvoker.invokeTestMethod(TestInvoker.java:230)
at org.testng.internal.invokers.MethodRunner.runInSequence(MethodRunner.java:63)
at org.testng.internal.invokers.TestInvoker$MethodInvocationAgent.invoke(TestInvoker.java:992)
at org.testng.internal.invokers.TestInvoker.invokeTestMethods(TestInvoker.java:203)
at org.testng.internal.invokers.TestMethodWorker.invokeTestMethods(TestMethodWorker.java:154)
at org.testng.internal.invokers.TestMethodWorker.run(TestMethodWorker.java:134)
at java.base/java.util.ArrayList.forEach(ArrayList.java:1596)
at org.testng.TestRunner.privateRun(TestRunner.java:739)
at org.testng.TestRunner.run(TestRunner.java:614)
at org.testng.SuiteRunner.runTest(SuiteRunner.java:421)
at org.testng.SuiteRunner.runSequentially(SuiteRunner.java:413)
at org.testng.SuiteRunner.privateRun(SuiteRunner.java:373)
at org.testng.SuiteRunner.run(SuiteRunner.java:312)
at org.testng.SuiteRunnerWorker.runSuite(SuiteRunnerWorker.java:52)
at org.testng.SuiteRunnerWorker.run(SuiteRunnerWorker.java:95)
at org.testng.TestNG.runSuitesSequentially(TestNG.java:1274)
at org.testng.TestNG.runSuitesLocally(TestNG.java:1208)
at org.testng.TestNG.runSuites(TestNG.java:1112)
at org.testng.TestNG.run(TestNG.java:1079)
at org.testng.remote.AbstractRemoteTestNG.run(AbstractRemoteTestNG.java:115)
at org.testng.remote.RemoteTestNG.initAndRun(RemoteTestNG.java:293)
at org.testng.remote.RemoteTestNG.main(RemoteTestNG.java:91)
]]>
            </full-stacktrace>
          </exception> <!-- org.openqa.selenium.TimeoutException -->
          <reporter-output>
          </reporter-output>
        </test-method> <!-- testSelectCreditCardAndContinue -->
      </class> <!-- com.nopcommerce.tests.PaymentMethodTest -->
      <class name="com.nopcommerce.tests.ShippingMethodTest">
        <test-method signature="testSelectShippingMethod()[pri:7, instance:com.nopcommerce.tests.ShippingMethodTest@2362f559]" started-at="2025-09-08T11:02:04 IST" name="testSelectShippingMethod" finished-at="2025-09-08T11:02:05 IST" duration-ms="1037" status="FAIL">
          <exception class="org.openqa.selenium.UnhandledAlertException">
            <message>
              <![CDATA[unexpected alert open: {Alert text : City is required, Street address is required, Phone is required, Zip / postal code is required, State / province is required.}
  (Session info: chrome=139.0.7258.155): City is required, Street address is required, Phone is required, Zip / postal code is required, State / province is required.
Build info: version: '4.21.0', revision: '79ed462ef4'
System info: os.name: 'Windows 11', os.arch: 'amd64', os.version: '10.0', java.version: '21.0.7'
Driver info: org.openqa.selenium.chrome.ChromeDriver
Command: [374434ad6cf8a4ca584dd456d09efa9b, findElements {value=shippingoption, using=name}]
Capabilities {acceptInsecureCerts: false, browserName: chrome, browserVersion: 139.0.7258.155, chrome: {chromedriverVersion: 139.0.7258.154 (9e0d6b2b47f..., userDataDir: C:\Users\lenovo\AppData\Loc...}, fedcm:accounts: true, goog:chromeOptions: {debuggerAddress: localhost:61197}, networkConnectionEnabled: false, pageLoadStrategy: normal, platformName: windows, proxy: Proxy(), se:cdp: ws://localhost:61197/devtoo..., se:cdpVersion: 139.0.7258.155, setWindowRect: true, strictFileInteractability: false, timeouts: {implicit: 0, pageLoad: 300000, script: 30000}, unhandledPromptBehavior: dismiss and notify, webauthn:extension:credBlob: true, webauthn:extension:largeBlob: true, webauthn:extension:minPinLength: true, webauthn:extension:prf: true, webauthn:virtualAuthenticators: true}
Session ID: 374434ad6cf8a4ca584dd456d09efa9b]]>
            </message>
            <full-stacktrace>
              <![CDATA[org.openqa.selenium.UnhandledAlertException: unexpected alert open: {Alert text : City is required, Street address is required, Phone is required, Zip / postal code is required, State / province is required.}
  (Session info: chrome=139.0.7258.155): City is required, Street address is required, Phone is required, Zip / postal code is required, State / province is required.
Build info: version: '4.21.0', revision: '79ed462ef4'
System info: os.name: 'Windows 11', os.arch: 'amd64', os.version: '10.0', java.version: '21.0.7'
Driver info: org.openqa.selenium.chrome.ChromeDriver
Command: [374434ad6cf8a4ca584dd456d09efa9b, findElements {value=shippingoption, using=name}]
Capabilities {acceptInsecureCerts: false, browserName: chrome, browserVersion: 139.0.7258.155, chrome: {chromedriverVersion: 139.0.7258.154 (9e0d6b2b47f..., userDataDir: C:\Users\lenovo\AppData\Loc...}, fedcm:accounts: true, goog:chromeOptions: {debuggerAddress: localhost:61197}, networkConnectionEnabled: false, pageLoadStrategy: normal, platformName: windows, proxy: Proxy(), se:cdp: ws://localhost:61197/devtoo..., se:cdpVersion: 139.0.7258.155, setWindowRect: true, strictFileInteractability: false, timeouts: {implicit: 0, pageLoad: 300000, script: 30000}, unhandledPromptBehavior: dismiss and notify, webauthn:extension:credBlob: true, webauthn:extension:largeBlob: true, webauthn:extension:minPinLength: true, webauthn:extension:prf: true, webauthn:virtualAuthenticators: true}
Session ID: 374434ad6cf8a4ca584dd456d09efa9b
at org.openqa.selenium.remote.codec.w3c.W3CHttpResponseCodec.decode(W3CHttpResponseCodec.java:136)
at org.openqa.selenium.remote.codec.w3c.W3CHttpResponseCodec.decode(W3CHttpResponseCodec.java:50)
at org.openqa.selenium.remote.HttpCommandExecutor.execute(HttpCommandExecutor.java:190)
at org.openqa.selenium.remote.service.DriverCommandExecutor.invokeExecute(DriverCommandExecutor.java:216)
at org.openqa.selenium.remote.service.DriverCommandExecutor.execute(DriverCommandExecutor.java:174)
at org.openqa.selenium.remote.RemoteWebDriver.execute(RemoteWebDriver.java:518)
at org.openqa.selenium.remote.ElementLocation$ElementFinder$2.findElements(ElementLocation.java:182)
at org.openqa.selenium.remote.ElementLocation.findElements(ElementLocation.java:103)
at org.openqa.selenium.remote.RemoteWebDriver.findElements(RemoteWebDriver.java:368)
at org.openqa.selenium.remote.RemoteWebDriver.findElements(RemoteWebDriver.java:362)
at org.openqa.selenium.support.ui.ExpectedConditions$8.apply(ExpectedConditions.java:221)
at org.openqa.selenium.support.ui.ExpectedConditions$8.apply(ExpectedConditions.java:218)
at org.openqa.selenium.support.ui.FluentWait.until(FluentWait.java:203)
at com.nopcommerce.pages.ShippingMethodPage.selectShippingOption(ShippingMethodPage.java:24)
at com.nopcommerce.tests.ShippingMethodTest.testSelectShippingMethod(ShippingMethodTest.java:14)
at java.base/jdk.internal.reflect.DirectMethodHandleAccessor.invoke(DirectMethodHandleAccessor.java:103)
at java.base/java.lang.reflect.Method.invoke(Method.java:580)
at org.testng.internal.invokers.MethodInvocationHelper.invokeMethod(MethodInvocationHelper.java:141)
at org.testng.internal.invokers.TestInvoker.invokeMethod(TestInvoker.java:686)
at org.testng.internal.invokers.TestInvoker.invokeTestMethod(TestInvoker.java:230)
at org.testng.internal.invokers.MethodRunner.runInSequence(MethodRunner.java:63)
at org.testng.internal.invokers.TestInvoker$MethodInvocationAgent.invoke(TestInvoker.java:992)
at org.testng.internal.invokers.TestInvoker.invokeTestMethods(TestInvoker.java:203)
at org.testng.internal.invokers.TestMethodWorker.invokeTestMethods(TestMethodWorker.java:154)
at org.testng.internal.invokers.TestMethodWorker.run(TestMethodWorker.java:134)
at java.base/java.util.ArrayList.forEach(ArrayList.java:1596)
at org.testng.TestRunner.privateRun(TestRunner.java:739)
at org.testng.TestRunner.run(TestRunner.java:614)
at org.testng.SuiteRunner.runTest(SuiteRunner.java:421)
at org.testng.SuiteRunner.runSequentially(SuiteRunner.java:413)
at org.testng.SuiteRunner.privateRun(SuiteRunner.java:373)
at org.testng.SuiteRunner.run(SuiteRunner.java:312)
at org.testng.SuiteRunnerWorker.runSuite(SuiteRunnerWorker.java:52)
at org.testng.SuiteRunnerWorker.run(SuiteRunnerWorker.java:95)
at org.testng.TestNG.runSuitesSequentially(TestNG.java:1274)
at org.testng.TestNG.runSuitesLocally(TestNG.java:1208)
at org.testng.TestNG.runSuites(TestNG.java:1112)
at org.testng.TestNG.run(TestNG.java:1079)
at org.testng.remote.AbstractRemoteTestNG.run(AbstractRemoteTestNG.java:115)
at org.testng.remote.RemoteTestNG.initAndRun(RemoteTestNG.java:293)
at org.testng.remote.RemoteTestNG.main(RemoteTestNG.java:91)
]]>
            </full-stacktrace>
          </exception> <!-- org.openqa.selenium.UnhandledAlertException -->
          <reporter-output>
          </reporter-output>
        </test-method> <!-- testSelectShippingMethod -->
      </class> <!-- com.nopcommerce.tests.ShippingMethodTest -->
      <class name="com.nopcommerce.tests.NewsTest">
        <test-method signature="testNewsComment()[pri:16, instance:com.nopcommerce.tests.NewsTest@5e5d171f]" started-at="2025-09-08T11:03:50 IST" name="testNewsComment" finished-at="2025-09-08T11:03:57 IST" duration-ms="6156" status="PASS">
          <reporter-output>
          </reporter-output>
        </test-method> <!-- testNewsComment -->
      </class> <!-- com.nopcommerce.tests.NewsTest -->
      <class name="com.nopcommerce.tests.VendorApplyDetailsTest">
        <test-method signature="testVendorApplyForm()[pri:24, instance:com.nopcommerce.tests.VendorApplyDetailsTest@131ef10]" started-at="2025-09-08T11:04:32 IST" name="testVendorApplyForm" finished-at="2025-09-08T11:04:36 IST" duration-ms="3829" status="PASS">
          <reporter-output>
          </reporter-output>
        </test-method> <!-- testVendorApplyForm -->
      </class> <!-- com.nopcommerce.tests.VendorApplyDetailsTest -->
      <class name="com.nopcommerce.tests.MyAccountTest">
        <test-method signature="testMyAccountSaveAndGoHome()[pri:11, instance:com.nopcommerce.tests.MyAccountTest@3bd82cf5]" started-at="2025-09-08T11:03:13 IST" name="testMyAccountSaveAndGoHome" finished-at="2025-09-08T11:03:21 IST" duration-ms="8707" status="PASS">
          <reporter-output>
          </reporter-output>
        </test-method> <!-- testMyAccountSaveAndGoHome -->
      </class> <!-- com.nopcommerce.tests.MyAccountTest -->
      <class name="com.nopcommerce.tests.CheckoutTest">
        <test-method signature="testProceedToCheckout()[pri:5, instance:com.nopcommerce.tests.CheckoutTest@7817fd62]" started-at="2025-09-08T11:02:02 IST" name="testProceedToCheckout" finished-at="2025-09-08T11:02:03 IST" duration-ms="1792" status="PASS">
          <reporter-output>
          </reporter-output>
        </test-method> <!-- testProceedToCheckout -->
      </class> <!-- com.nopcommerce.tests.CheckoutTest -->
      <class name="com.nopcommerce.tests.ShoppingCartTest">
        <test-method signature="testOpenShoppingCartAndTickTerms()[pri:4, instance:com.nopcommerce.tests.ShoppingCartTest@510f3d34]" started-at="2025-09-08T11:01:56 IST" name="testOpenShoppingCartAndTickTerms" finished-at="2025-09-08T11:02:02 IST" duration-ms="6018" status="PASS">
          <reporter-output>
          </reporter-output>
        </test-method> <!-- testOpenShoppingCartAndTickTerms -->
      </class> <!-- com.nopcommerce.tests.ShoppingCartTest -->
      <class name="com.nopcommerce.tests.PaymentInformationTest">
        <test-method signature="testFillCreditCardPaymentInfo()[pri:9, instance:com.nopcommerce.tests.PaymentInformationTest@4c178a76]" started-at="2025-09-08T11:02:22 IST" name="testFillCreditCardPaymentInfo" finished-at="2025-09-08T11:02:47 IST" duration-ms="25189" status="FAIL">
          <exception class="org.openqa.selenium.TimeoutException">
            <message>
              <![CDATA[Expected condition failed: waiting for visibility of element located by By.id: CreditCardType (tried for 25 second(s) with 500 milliseconds interval)
Build info: version: '4.21.0', revision: '79ed462ef4'
System info: os.name: 'Windows 11', os.arch: 'amd64', os.version: '10.0', java.version: '21.0.7'
Driver info: org.openqa.selenium.chrome.ChromeDriver
Capabilities {acceptInsecureCerts: false, browserName: chrome, browserVersion: 139.0.7258.155, chrome: {chromedriverVersion: 139.0.7258.154 (9e0d6b2b47f..., userDataDir: C:\Users\lenovo\AppData\Loc...}, fedcm:accounts: true, goog:chromeOptions: {debuggerAddress: localhost:61197}, networkConnectionEnabled: false, pageLoadStrategy: normal, platformName: windows, proxy: Proxy(), se:cdp: ws://localhost:61197/devtoo..., se:cdpVersion: 139.0.7258.155, setWindowRect: true, strictFileInteractability: false, timeouts: {implicit: 0, pageLoad: 300000, script: 30000}, unhandledPromptBehavior: dismiss and notify, webauthn:extension:credBlob: true, webauthn:extension:largeBlob: true, webauthn:extension:minPinLength: true, webauthn:extension:prf: true, webauthn:virtualAuthenticators: true}
Session ID: 374434ad6cf8a4ca584dd456d09efa9b]]>
            </message>
            <full-stacktrace>
              <![CDATA[org.openqa.selenium.TimeoutException: Expected condition failed: waiting for visibility of element located by By.id: CreditCardType (tried for 25 second(s) with 500 milliseconds interval)
Build info: version: '4.21.0', revision: '79ed462ef4'
System info: os.name: 'Windows 11', os.arch: 'amd64', os.version: '10.0', java.version: '21.0.7'
Driver info: org.openqa.selenium.chrome.ChromeDriver
Capabilities {acceptInsecureCerts: false, browserName: chrome, browserVersion: 139.0.7258.155, chrome: {chromedriverVersion: 139.0.7258.154 (9e0d6b2b47f..., userDataDir: C:\Users\lenovo\AppData\Loc...}, fedcm:accounts: true, goog:chromeOptions: {debuggerAddress: localhost:61197}, networkConnectionEnabled: false, pageLoadStrategy: normal, platformName: windows, proxy: Proxy(), se:cdp: ws://localhost:61197/devtoo..., se:cdpVersion: 139.0.7258.155, setWindowRect: true, strictFileInteractability: false, timeouts: {implicit: 0, pageLoad: 300000, script: 30000}, unhandledPromptBehavior: dismiss and notify, webauthn:extension:credBlob: true, webauthn:extension:largeBlob: true, webauthn:extension:minPinLength: true, webauthn:extension:prf: true, webauthn:virtualAuthenticators: true}
Session ID: 374434ad6cf8a4ca584dd456d09efa9b
at org.openqa.selenium.support.ui.WebDriverWait.timeoutException(WebDriverWait.java:84)
at org.openqa.selenium.support.ui.FluentWait.until(FluentWait.java:228)
at com.nopcommerce.pages.PaymentInformationPage.waitForPaymentFields(PaymentInformationPage.java:29)
at com.nopcommerce.tests.PaymentInformationTest.testFillCreditCardPaymentInfo(PaymentInformationTest.java:14)
at java.base/jdk.internal.reflect.DirectMethodHandleAccessor.invoke(DirectMethodHandleAccessor.java:103)
at java.base/java.lang.reflect.Method.invoke(Method.java:580)
at org.testng.internal.invokers.MethodInvocationHelper.invokeMethod(MethodInvocationHelper.java:141)
at org.testng.internal.invokers.TestInvoker.invokeMethod(TestInvoker.java:686)
at org.testng.internal.invokers.TestInvoker.invokeTestMethod(TestInvoker.java:230)
at org.testng.internal.invokers.MethodRunner.runInSequence(MethodRunner.java:63)
at org.testng.internal.invokers.TestInvoker$MethodInvocationAgent.invoke(TestInvoker.java:992)
at org.testng.internal.invokers.TestInvoker.invokeTestMethods(TestInvoker.java:203)
at org.testng.internal.invokers.TestMethodWorker.invokeTestMethods(TestMethodWorker.java:154)
at org.testng.internal.invokers.TestMethodWorker.run(TestMethodWorker.java:134)
at java.base/java.util.ArrayList.forEach(ArrayList.java:1596)
at org.testng.TestRunner.privateRun(TestRunner.java:739)
at org.testng.TestRunner.run(TestRunner.java:614)
at org.testng.SuiteRunner.runTest(SuiteRunner.java:421)
at org.testng.SuiteRunner.runSequentially(SuiteRunner.java:413)
at org.testng.SuiteRunner.privateRun(SuiteRunner.java:373)
at org.testng.SuiteRunner.run(SuiteRunner.java:312)
at org.testng.SuiteRunnerWorker.runSuite(SuiteRunnerWorker.java:52)
at org.testng.SuiteRunnerWorker.run(SuiteRunnerWorker.java:95)
at org.testng.TestNG.runSuitesSequentially(TestNG.java:1274)
at org.testng.TestNG.runSuitesLocally(TestNG.java:1208)
at org.testng.TestNG.runSuites(TestNG.java:1112)
at org.testng.TestNG.run(TestNG.java:1079)
at org.testng.remote.AbstractRemoteTestNG.run(AbstractRemoteTestNG.java:115)
at org.testng.remote.RemoteTestNG.initAndRun(RemoteTestNG.java:293)
at org.testng.remote.RemoteTestNG.main(RemoteTestNG.java:91)
]]>
            </full-stacktrace>
          </exception> <!-- org.openqa.selenium.TimeoutException -->
          <reporter-output>
          </reporter-output>
        </test-method> <!-- testFillCreditCardPaymentInfo -->
      </class> <!-- com.nopcommerce.tests.PaymentInformationTest -->
      <class name="com.nopcommerce.tests.CurrencyTest">
        <test-method signature="testSelectCurrency()[pri:15, instance:com.nopcommerce.tests.CurrencyTest@7770f470]" started-at="2025-09-08T11:03:45 IST" name="testSelectCurrency" finished-at="2025-09-08T11:03:50 IST" duration-ms="5800" status="PASS">
          <reporter-output>
          </reporter-output>
        </test-method> <!-- testSelectCurrency -->
      </class> <!-- com.nopcommerce.tests.CurrencyTest -->
      <class name="com.nopcommerce.tests.LoginTest">
        <test-method signature="loginWithValidData()[pri:0, instance:com.nopcommerce.tests.LoginTest@710f4dc7]" started-at="2025-09-08T11:01:11 IST" name="loginWithValidData" finished-at="2025-09-08T11:01:28 IST" duration-ms="16721" status="FAIL">
          <exception class="org.openqa.selenium.TimeoutException">
            <message>
              <![CDATA[Expected condition failed: waiting for element to be clickable: By.className: ico-login (tried for 10 second(s) with 500 milliseconds interval)
Build info: version: '4.21.0', revision: '79ed462ef4'
System info: os.name: 'Windows 11', os.arch: 'amd64', os.version: '10.0', java.version: '21.0.7'
Driver info: org.openqa.selenium.chrome.ChromeDriver
Capabilities {acceptInsecureCerts: false, browserName: chrome, browserVersion: 139.0.7258.155, chrome: {chromedriverVersion: 139.0.7258.154 (9e0d6b2b47f..., userDataDir: C:\Users\lenovo\AppData\Loc...}, fedcm:accounts: true, goog:chromeOptions: {debuggerAddress: localhost:61197}, networkConnectionEnabled: false, pageLoadStrategy: normal, platformName: windows, proxy: Proxy(), se:cdp: ws://localhost:61197/devtoo..., se:cdpVersion: 139.0.7258.155, setWindowRect: true, strictFileInteractability: false, timeouts: {implicit: 0, pageLoad: 300000, script: 30000}, unhandledPromptBehavior: dismiss and notify, webauthn:extension:credBlob: true, webauthn:extension:largeBlob: true, webauthn:extension:minPinLength: true, webauthn:extension:prf: true, webauthn:virtualAuthenticators: true}
Session ID: 374434ad6cf8a4ca584dd456d09efa9b]]>
            </message>
            <full-stacktrace>
              <![CDATA[org.openqa.selenium.TimeoutException: Expected condition failed: waiting for element to be clickable: By.className: ico-login (tried for 10 second(s) with 500 milliseconds interval)
Build info: version: '4.21.0', revision: '79ed462ef4'
System info: os.name: 'Windows 11', os.arch: 'amd64', os.version: '10.0', java.version: '21.0.7'
Driver info: org.openqa.selenium.chrome.ChromeDriver
Capabilities {acceptInsecureCerts: false, browserName: chrome, browserVersion: 139.0.7258.155, chrome: {chromedriverVersion: 139.0.7258.154 (9e0d6b2b47f..., userDataDir: C:\Users\lenovo\AppData\Loc...}, fedcm:accounts: true, goog:chromeOptions: {debuggerAddress: localhost:61197}, networkConnectionEnabled: false, pageLoadStrategy: normal, platformName: windows, proxy: Proxy(), se:cdp: ws://localhost:61197/devtoo..., se:cdpVersion: 139.0.7258.155, setWindowRect: true, strictFileInteractability: false, timeouts: {implicit: 0, pageLoad: 300000, script: 30000}, unhandledPromptBehavior: dismiss and notify, webauthn:extension:credBlob: true, webauthn:extension:largeBlob: true, webauthn:extension:minPinLength: true, webauthn:extension:prf: true, webauthn:virtualAuthenticators: true}
Session ID: 374434ad6cf8a4ca584dd456d09efa9b
at org.openqa.selenium.support.ui.WebDriverWait.timeoutException(WebDriverWait.java:84)
at org.openqa.selenium.support.ui.FluentWait.until(FluentWait.java:228)
at com.nopcommerce.pages.LoginPage.openLoginPage(LoginPage.java:27)
at com.nopcommerce.tests.LoginTest.loginWithValidData(LoginTest.java:15)
at java.base/jdk.internal.reflect.DirectMethodHandleAccessor.invoke(DirectMethodHandleAccessor.java:103)
at java.base/java.lang.reflect.Method.invoke(Method.java:580)
at org.testng.internal.invokers.MethodInvocationHelper.invokeMethod(MethodInvocationHelper.java:141)
at org.testng.internal.invokers.TestInvoker.invokeMethod(TestInvoker.java:686)
at org.testng.internal.invokers.TestInvoker.invokeTestMethod(TestInvoker.java:230)
at org.testng.internal.invokers.MethodRunner.runInSequence(MethodRunner.java:63)
at org.testng.internal.invokers.TestInvoker$MethodInvocationAgent.invoke(TestInvoker.java:992)
at org.testng.internal.invokers.TestInvoker.invokeTestMethods(TestInvoker.java:203)
at org.testng.internal.invokers.TestMethodWorker.invokeTestMethods(TestMethodWorker.java:154)
at org.testng.internal.invokers.TestMethodWorker.run(TestMethodWorker.java:134)
at java.base/java.util.ArrayList.forEach(ArrayList.java:1596)
at org.testng.TestRunner.privateRun(TestRunner.java:739)
at org.testng.TestRunner.run(TestRunner.java:614)
at org.testng.SuiteRunner.runTest(SuiteRunner.java:421)
at org.testng.SuiteRunner.runSequentially(SuiteRunner.java:413)
at org.testng.SuiteRunner.privateRun(SuiteRunner.java:373)
at org.testng.SuiteRunner.run(SuiteRunner.java:312)
at org.testng.SuiteRunnerWorker.runSuite(SuiteRunnerWorker.java:52)
at org.testng.SuiteRunnerWorker.run(SuiteRunnerWorker.java:95)
at org.testng.TestNG.runSuitesSequentially(TestNG.java:1274)
at org.testng.TestNG.runSuitesLocally(TestNG.java:1208)
at org.testng.TestNG.runSuites(TestNG.java:1112)
at org.testng.TestNG.run(TestNG.java:1079)
at org.testng.remote.AbstractRemoteTestNG.run(AbstractRemoteTestNG.java:115)
at org.testng.remote.RemoteTestNG.initAndRun(RemoteTestNG.java:293)
at org.testng.remote.RemoteTestNG.main(RemoteTestNG.java:91)
]]>
            </full-stacktrace>
          </exception> <!-- org.openqa.selenium.TimeoutException -->
          <reporter-output>
          </reporter-output>
        </test-method> <!-- loginWithValidData -->
      </class> <!-- com.nopcommerce.tests.LoginTest -->
      <class name="com.nopcommerce.tests.VendorApplyTest">
        <test-method signature="testVendorApplyPage()[pri:23, instance:com.nopcommerce.tests.VendorApplyTest@7bedc48a]" started-at="2025-09-08T11:04:14 IST" name="testVendorApplyPage" finished-at="2025-09-08T11:04:32 IST" duration-ms="17895" status="FAIL">
          <exception class="org.openqa.selenium.TimeoutException">
            <message>
              <![CDATA[Expected condition failed: waiting for visibility of element located by By.cssSelector: form#apply-vendor-form (tried for 15 second(s) with 500 milliseconds interval)
Build info: version: '4.21.0', revision: '79ed462ef4'
System info: os.name: 'Windows 11', os.arch: 'amd64', os.version: '10.0', java.version: '21.0.7'
Driver info: org.openqa.selenium.chrome.ChromeDriver
Capabilities {acceptInsecureCerts: false, browserName: chrome, browserVersion: 139.0.7258.155, chrome: {chromedriverVersion: 139.0.7258.154 (9e0d6b2b47f..., userDataDir: C:\Users\lenovo\AppData\Loc...}, fedcm:accounts: true, goog:chromeOptions: {debuggerAddress: localhost:61197}, networkConnectionEnabled: false, pageLoadStrategy: normal, platformName: windows, proxy: Proxy(), se:cdp: ws://localhost:61197/devtoo..., se:cdpVersion: 139.0.7258.155, setWindowRect: true, strictFileInteractability: false, timeouts: {implicit: 0, pageLoad: 300000, script: 30000}, unhandledPromptBehavior: dismiss and notify, webauthn:extension:credBlob: true, webauthn:extension:largeBlob: true, webauthn:extension:minPinLength: true, webauthn:extension:prf: true, webauthn:virtualAuthenticators: true}
Session ID: 374434ad6cf8a4ca584dd456d09efa9b]]>
            </message>
            <full-stacktrace>
              <![CDATA[org.openqa.selenium.TimeoutException: Expected condition failed: waiting for visibility of element located by By.cssSelector: form#apply-vendor-form (tried for 15 second(s) with 500 milliseconds interval)
Build info: version: '4.21.0', revision: '79ed462ef4'
System info: os.name: 'Windows 11', os.arch: 'amd64', os.version: '10.0', java.version: '21.0.7'
Driver info: org.openqa.selenium.chrome.ChromeDriver
Capabilities {acceptInsecureCerts: false, browserName: chrome, browserVersion: 139.0.7258.155, chrome: {chromedriverVersion: 139.0.7258.154 (9e0d6b2b47f..., userDataDir: C:\Users\lenovo\AppData\Loc...}, fedcm:accounts: true, goog:chromeOptions: {debuggerAddress: localhost:61197}, networkConnectionEnabled: false, pageLoadStrategy: normal, platformName: windows, proxy: Proxy(), se:cdp: ws://localhost:61197/devtoo..., se:cdpVersion: 139.0.7258.155, setWindowRect: true, strictFileInteractability: false, timeouts: {implicit: 0, pageLoad: 300000, script: 30000}, unhandledPromptBehavior: dismiss and notify, webauthn:extension:credBlob: true, webauthn:extension:largeBlob: true, webauthn:extension:minPinLength: true, webauthn:extension:prf: true, webauthn:virtualAuthenticators: true}
Session ID: 374434ad6cf8a4ca584dd456d09efa9b
at org.openqa.selenium.support.ui.WebDriverWait.timeoutException(WebDriverWait.java:84)
at org.openqa.selenium.support.ui.FluentWait.until(FluentWait.java:228)
at com.nopcommerce.pages.VendorApplyPage.waitForVendorApplyPage(VendorApplyPage.java:33)
at com.nopcommerce.tests.VendorApplyTest.testVendorApplyPage(VendorApplyTest.java:17)
at java.base/jdk.internal.reflect.DirectMethodHandleAccessor.invoke(DirectMethodHandleAccessor.java:103)
at java.base/java.lang.reflect.Method.invoke(Method.java:580)
at org.testng.internal.invokers.MethodInvocationHelper.invokeMethod(MethodInvocationHelper.java:141)
at org.testng.internal.invokers.TestInvoker.invokeMethod(TestInvoker.java:686)
at org.testng.internal.invokers.TestInvoker.invokeTestMethod(TestInvoker.java:230)
at org.testng.internal.invokers.MethodRunner.runInSequence(MethodRunner.java:63)
at org.testng.internal.invokers.TestInvoker$MethodInvocationAgent.invoke(TestInvoker.java:992)
at org.testng.internal.invokers.TestInvoker.invokeTestMethods(TestInvoker.java:203)
at org.testng.internal.invokers.TestMethodWorker.invokeTestMethods(TestMethodWorker.java:154)
at org.testng.internal.invokers.TestMethodWorker.run(TestMethodWorker.java:134)
at java.base/java.util.ArrayList.forEach(ArrayList.java:1596)
at org.testng.TestRunner.privateRun(TestRunner.java:739)
at org.testng.TestRunner.run(TestRunner.java:614)
at org.testng.SuiteRunner.runTest(SuiteRunner.java:421)
at org.testng.SuiteRunner.runSequentially(SuiteRunner.java:413)
at org.testng.SuiteRunner.privateRun(SuiteRunner.java:373)
at org.testng.SuiteRunner.run(SuiteRunner.java:312)
at org.testng.SuiteRunnerWorker.runSuite(SuiteRunnerWorker.java:52)
at org.testng.SuiteRunnerWorker.run(SuiteRunnerWorker.java:95)
at org.testng.TestNG.runSuitesSequentially(TestNG.java:1274)
at org.testng.TestNG.runSuitesLocally(TestNG.java:1208)
at org.testng.TestNG.runSuites(TestNG.java:1112)
at org.testng.TestNG.run(TestNG.java:1079)
at org.testng.remote.AbstractRemoteTestNG.run(AbstractRemoteTestNG.java:115)
at org.testng.remote.RemoteTestNG.initAndRun(RemoteTestNG.java:293)
at org.testng.remote.RemoteTestNG.main(RemoteTestNG.java:91)
]]>
            </full-stacktrace>
          </exception> <!-- org.openqa.selenium.TimeoutException -->
          <reporter-output>
          </reporter-output>
        </test-method> <!-- testVendorApplyPage -->
      </class> <!-- com.nopcommerce.tests.VendorApplyTest -->
      <class name="com.nopcommerce.tests.WishlistTest">
        <test-method signature="testOpenWishlistPage()[pri:3, instance:com.nopcommerce.tests.WishlistTest@61322f9d]" started-at="2025-09-08T11:01:47 IST" name="testOpenWishlistPage" finished-at="2025-09-08T11:01:50 IST" duration-ms="2835" status="PASS">
          <reporter-output>
          </reporter-output>
        </test-method> <!-- testOpenWishlistPage -->
      </class> <!-- com.nopcommerce.tests.WishlistTest -->
      <class name="com.nopcommerce.tests.LogoutTest">
        <test-method signature="testLogout()[pri:26, instance:com.nopcommerce.tests.LogoutTest@38afe297]" started-at="2025-09-08T11:04:38 IST" name="testLogout" finished-at="2025-09-08T11:04:45 IST" duration-ms="6620" status="PASS">
          <reporter-output>
          </reporter-output>
        </test-method> <!-- testLogout -->
      </class> <!-- com.nopcommerce.tests.LogoutTest -->
      <class name="com.nopcommerce.tests.BlogTest">
        <test-method signature="testBlogPage()[pri:21, instance:com.nopcommerce.tests.BlogTest@41a2befb]" started-at="2025-09-08T11:04:09 IST" name="testBlogPage" finished-at="2025-09-08T11:04:11 IST" duration-ms="2450" status="PASS">
          <reporter-output>
          </reporter-output>
        </test-method> <!-- testBlogPage -->
      </class> <!-- com.nopcommerce.tests.BlogTest -->
      <class name="com.nopcommerce.tests.NewsletterTest">
        <test-method signature="testSubscribeNewsletter()[pri:14, instance:com.nopcommerce.tests.NewsletterTest@d35dea7]" started-at="2025-09-08T11:03:42 IST" name="testSubscribeNewsletter" finished-at="2025-09-08T11:03:45 IST" duration-ms="2772" status="PASS">
          <reporter-output>
          </reporter-output>
        </test-method> <!-- testSubscribeNewsletter -->
      </class> <!-- com.nopcommerce.tests.NewsletterTest -->
      <class name="com.nopcommerce.tests.BillingAddressTest">
        <test-method signature="testFillBillingAddressIfNeeded()[pri:6, instance:com.nopcommerce.tests.BillingAddressTest@8297b3a]" started-at="2025-09-08T11:02:03 IST" name="testFillBillingAddressIfNeeded" finished-at="2025-09-08T11:02:04 IST" duration-ms="229" status="PASS">
          <reporter-output>
          </reporter-output>
        </test-method> <!-- testFillBillingAddressIfNeeded -->
      </class> <!-- com.nopcommerce.tests.BillingAddressTest -->
      <class name="com.nopcommerce.tests.SearchTest">
        <test-method signature="testInvalidSearch_NoProductFound()[pri:1, instance:com.nopcommerce.tests.SearchTest@65e98b1c]" started-at="2025-09-08T11:01:44 IST" name="testInvalidSearch_NoProductFound" finished-at="2025-09-08T11:01:45 IST" duration-ms="888" status="PASS">
          <reporter-output>
          </reporter-output>
        </test-method> <!-- testInvalidSearch_NoProductFound -->
        <test-method signature="testValidSearchAndClickProduct()[pri:2, instance:com.nopcommerce.tests.SearchTest@65e98b1c]" started-at="2025-09-08T11:01:45 IST" name="testValidSearchAndClickProduct" finished-at="2025-09-08T11:01:47 IST" duration-ms="2479" status="PASS">
          <reporter-output>
          </reporter-output>
        </test-method> <!-- testValidSearchAndClickProduct -->
      </class> <!-- com.nopcommerce.tests.SearchTest -->
      <class name="com.nopcommerce.tests.ConfirmOrderTest">
        <test-method signature="testConfirmOrderAndContinue()[pri:10, instance:com.nopcommerce.tests.ConfirmOrderTest@fa4c865]" started-at="2025-09-08T11:02:47 IST" name="testConfirmOrderAndContinue" finished-at="2025-09-08T11:03:13 IST" duration-ms="25561" status="FAIL">
          <exception class="org.openqa.selenium.TimeoutException">
            <message>
              <![CDATA[Expected condition failed: waiting for element to be clickable: By.cssSelector: button.confirm-order-next-step-button (tried for 25 second(s) with 500 milliseconds interval)
Build info: version: '4.21.0', revision: '79ed462ef4'
System info: os.name: 'Windows 11', os.arch: 'amd64', os.version: '10.0', java.version: '21.0.7'
Driver info: org.openqa.selenium.chrome.ChromeDriver
Capabilities {acceptInsecureCerts: false, browserName: chrome, browserVersion: 139.0.7258.155, chrome: {chromedriverVersion: 139.0.7258.154 (9e0d6b2b47f..., userDataDir: C:\Users\lenovo\AppData\Loc...}, fedcm:accounts: true, goog:chromeOptions: {debuggerAddress: localhost:61197}, networkConnectionEnabled: false, pageLoadStrategy: normal, platformName: windows, proxy: Proxy(), se:cdp: ws://localhost:61197/devtoo..., se:cdpVersion: 139.0.7258.155, setWindowRect: true, strictFileInteractability: false, timeouts: {implicit: 0, pageLoad: 300000, script: 30000}, unhandledPromptBehavior: dismiss and notify, webauthn:extension:credBlob: true, webauthn:extension:largeBlob: true, webauthn:extension:minPinLength: true, webauthn:extension:prf: true, webauthn:virtualAuthenticators: true}
Session ID: 374434ad6cf8a4ca584dd456d09efa9b]]>
            </message>
            <full-stacktrace>
              <![CDATA[org.openqa.selenium.TimeoutException: Expected condition failed: waiting for element to be clickable: By.cssSelector: button.confirm-order-next-step-button (tried for 25 second(s) with 500 milliseconds interval)
Build info: version: '4.21.0', revision: '79ed462ef4'
System info: os.name: 'Windows 11', os.arch: 'amd64', os.version: '10.0', java.version: '21.0.7'
Driver info: org.openqa.selenium.chrome.ChromeDriver
Capabilities {acceptInsecureCerts: false, browserName: chrome, browserVersion: 139.0.7258.155, chrome: {chromedriverVersion: 139.0.7258.154 (9e0d6b2b47f..., userDataDir: C:\Users\lenovo\AppData\Loc...}, fedcm:accounts: true, goog:chromeOptions: {debuggerAddress: localhost:61197}, networkConnectionEnabled: false, pageLoadStrategy: normal, platformName: windows, proxy: Proxy(), se:cdp: ws://localhost:61197/devtoo..., se:cdpVersion: 139.0.7258.155, setWindowRect: true, strictFileInteractability: false, timeouts: {implicit: 0, pageLoad: 300000, script: 30000}, unhandledPromptBehavior: dismiss and notify, webauthn:extension:credBlob: true, webauthn:extension:largeBlob: true, webauthn:extension:minPinLength: true, webauthn:extension:prf: true, webauthn:virtualAuthenticators: true}
Session ID: 374434ad6cf8a4ca584dd456d09efa9b
at org.openqa.selenium.support.ui.WebDriverWait.timeoutException(WebDriverWait.java:84)
at org.openqa.selenium.support.ui.FluentWait.until(FluentWait.java:228)
at com.nopcommerce.pages.ConfirmOrderPage.clickConfirm(ConfirmOrderPage.java:24)
at com.nopcommerce.tests.ConfirmOrderTest.testConfirmOrderAndContinue(ConfirmOrderTest.java:14)
at java.base/jdk.internal.reflect.DirectMethodHandleAccessor.invoke(DirectMethodHandleAccessor.java:103)
at java.base/java.lang.reflect.Method.invoke(Method.java:580)
at org.testng.internal.invokers.MethodInvocationHelper.invokeMethod(MethodInvocationHelper.java:141)
at org.testng.internal.invokers.TestInvoker.invokeMethod(TestInvoker.java:686)
at org.testng.internal.invokers.TestInvoker.invokeTestMethod(TestInvoker.java:230)
at org.testng.internal.invokers.MethodRunner.runInSequence(MethodRunner.java:63)
at org.testng.internal.invokers.TestInvoker$MethodInvocationAgent.invoke(TestInvoker.java:992)
at org.testng.internal.invokers.TestInvoker.invokeTestMethods(TestInvoker.java:203)
at org.testng.internal.invokers.TestMethodWorker.invokeTestMethods(TestMethodWorker.java:154)
at org.testng.internal.invokers.TestMethodWorker.run(TestMethodWorker.java:134)
at java.base/java.util.ArrayList.forEach(ArrayList.java:1596)
at org.testng.TestRunner.privateRun(TestRunner.java:739)
at org.testng.TestRunner.run(TestRunner.java:614)
at org.testng.SuiteRunner.runTest(SuiteRunner.java:421)
at org.testng.SuiteRunner.runSequentially(SuiteRunner.java:413)
at org.testng.SuiteRunner.privateRun(SuiteRunner.java:373)
at org.testng.SuiteRunner.run(SuiteRunner.java:312)
at org.testng.SuiteRunnerWorker.runSuite(SuiteRunnerWorker.java:52)
at org.testng.SuiteRunnerWorker.run(SuiteRunnerWorker.java:95)
at org.testng.TestNG.runSuitesSequentially(TestNG.java:1274)
at org.testng.TestNG.runSuitesLocally(TestNG.java:1208)
at org.testng.TestNG.runSuites(TestNG.java:1112)
at org.testng.TestNG.run(TestNG.java:1079)
at org.testng.remote.AbstractRemoteTestNG.run(AbstractRemoteTestNG.java:115)
at org.testng.remote.RemoteTestNG.initAndRun(RemoteTestNG.java:293)
at org.testng.remote.RemoteTestNG.main(RemoteTestNG.java:91)
]]>
            </full-stacktrace>
          </exception> <!-- org.openqa.selenium.TimeoutException -->
          <reporter-output>
          </reporter-output>
        </test-method> <!-- testConfirmOrderAndContinue -->
      </class> <!-- com.nopcommerce.tests.ConfirmOrderTest -->
      <class name="com.nopcommerce.tests.ProductTest">
        <test-method signature="testAddProductToCart()[pri:1, instance:com.nopcommerce.tests.ProductTest@6ad82709]" started-at="2025-09-08T11:01:50 IST" name="testAddProductToCart" finished-at="2025-09-08T11:01:53 IST" duration-ms="3535" status="PASS">
          <reporter-output>
          </reporter-output>
        </test-method> <!-- testAddProductToCart -->
        <test-method signature="testAddProductToWishlist()[pri:2, instance:com.nopcommerce.tests.ProductTest@6ad82709]" started-at="2025-09-08T11:01:53 IST" name="testAddProductToWishlist" finished-at="2025-09-08T11:01:56 IST" duration-ms="2241" status="PASS">
          <reporter-output>
          </reporter-output>
        </test-method> <!-- testAddProductToWishlist -->
      </class> <!-- com.nopcommerce.tests.ProductTest -->
      <class name="com.nopcommerce.tests.SocialMediaTest">
        <test-method signature="testSocialMediaLinks()[pri:14, instance:com.nopcommerce.tests.SocialMediaTest@247bddad]" started-at="2025-09-08T11:03:25 IST" name="testSocialMediaLinks" finished-at="2025-09-08T11:03:42 IST" duration-ms="16627" status="PASS">
          <reporter-output>
          </reporter-output>
        </test-method> <!-- testSocialMediaLinks -->
      </class> <!-- com.nopcommerce.tests.SocialMediaTest -->
      <class name="com.nopcommerce.tests.NewProductsTest">
        <test-method signature="testNewProductsPage()[pri:22, instance:com.nopcommerce.tests.NewProductsTest@6c40365c]" started-at="2025-09-08T11:04:11 IST" name="testNewProductsPage" finished-at="2025-09-08T11:04:14 IST" duration-ms="2524" status="PASS">
          <reporter-output>
          </reporter-output>
        </test-method> <!-- testNewProductsPage -->
      </class> <!-- com.nopcommerce.tests.NewProductsTest -->
      <class name="com.nopcommerce.tests.RegisterTest">
        <test-method is-config="true" signature="beforeSuite()[pri:0, instance:com.nopcommerce.tests.RegisterTest@2a5c8d3f]" started-at="2025-09-08T11:00:45 IST" name="beforeSuite" finished-at="2025-09-08T11:01:04 IST" duration-ms="19527" status="PASS">
          <reporter-output>
          </reporter-output>
        </test-method> <!-- beforeSuite -->
        <test-method signature="registerWithValidData()[pri:0, instance:com.nopcommerce.tests.RegisterTest@2a5c8d3f]" started-at="2025-09-08T11:01:04 IST" name="registerWithValidData" finished-at="2025-09-08T11:01:11 IST" duration-ms="6363" status="PASS">
          <reporter-output>
          </reporter-output>
        </test-method> <!-- registerWithValidData -->
        <test-method is-config="true" signature="afterSuite()[pri:0, instance:com.nopcommerce.tests.RegisterTest@2a5c8d3f]" started-at="2025-09-08T11:04:46 IST" name="afterSuite" finished-at="2025-09-08T11:04:50 IST" duration-ms="4180" status="PASS">
          <reporter-output>
          </reporter-output>
        </test-method> <!-- afterSuite -->
      </class> <!-- com.nopcommerce.tests.RegisterTest -->
    </test> <!-- NopCommerce Tests -->
  </suite> <!-- nopCommerce Suite -->
</testng-results>
